
/home/runner/work/exp-rigid-joints-iiith/exp-rigid-joints-iiith/experiment/simulation/js/animations.js
    2:10  warning  'moveArrowDown' is defined but never used   no-unused-vars
   21:10  warning  'animateObserve' is defined but never used  no-unused-vars
   23:5   warning  'anime' is not defined                      no-undef
   26:28  warning  'anime' is not defined                      no-undef
   29:16  warning  'anime' is not defined                      no-undef
   42:10  warning  'cantiPlBeam' is defined but never used     no-unused-vars
   44:9   warning  'tween' is assigned a value but never used  no-unused-vars
   44:17  warning  'KUTE' is not defined                       no-undef
   59:10  warning  'cantiUdlBeam' is defined but never used    no-unused-vars
   61:9   warning  'tween' is assigned a value but never used  no-unused-vars
   61:17  warning  'KUTE' is not defined                       no-undef
   77:10  warning  'fixedPlBeam' is defined but never used     no-unused-vars
   79:9   warning  'tween' is assigned a value but never used  no-unused-vars
   79:17  warning  'KUTE' is not defined                       no-undef
   94:10  warning  'fixedUdlBeam' is defined but never used    no-unused-vars
   96:9   warning  'tween' is assigned a value but never used  no-unused-vars
   96:17  warning  'KUTE' is not defined                       no-undef
  111:10  warning  'onessPlBeam' is defined but never used     no-unused-vars
  113:9   warning  'tween' is assigned a value but never used  no-unused-vars
  113:17  warning  'KUTE' is not defined                       no-undef
  128:10  warning  'onessUdlBeam' is defined but never used    no-unused-vars
  130:9   warning  'tween' is assigned a value but never used  no-unused-vars
  130:17  warning  'KUTE' is not defined                       no-undef
  145:10  warning  'twossPlBeam' is defined but never used     no-unused-vars
  147:9   warning  'tween' is assigned a value but never used  no-unused-vars
  147:17  warning  'KUTE' is not defined                       no-undef
  162:10  warning  'twossUdlBeam' is defined but never used    no-unused-vars
  164:9   warning  'tween' is assigned a value but never used  no-unused-vars
  164:17  warning  'KUTE' is not defined                       no-undef

/home/runner/work/exp-rigid-joints-iiith/exp-rigid-joints-iiith/experiment/simulation/js/bulma-slider.min.js
  1:66    warning  'module' is not defined        no-undef
  1:112   warning  'define' is not defined        no-undef
  1:123   warning  'define' is not defined        no-undef
  1:161   warning  'exports' is not defined       no-undef
  1:1622  warning  't' is defined but never used  no-unused-vars
  1:4532  warning  'n' is defined but never used  no-unused-vars

/home/runner/work/exp-rigid-joints-iiith/exp-rigid-joints-iiith/experiment/simulation/js/main.js
   23:10  warning  'onSelection' is defined but never used                    no-unused-vars
   36:10  warning  'showObservations' is defined but never used               no-unused-vars
   41:5   warning  'animateObserve' is not defined                            no-undef
   46:5   warning  'previousClickedarrow' is assigned a value but never used  no-unused-vars
   59:10  warning  'playSimulation' is defined but never used                 no-unused-vars
   78:26  warning  'i' is already defined                                     no-redeclare
   85:26  warning  'i' is already defined                                     no-redeclare
   91:26  warning  'i' is already defined                                     no-redeclare
   97:26  warning  'i' is already defined                                     no-redeclare
  104:17  warning  'moveArrowDown' is not defined                             no-undef
  105:23  warning  'myTimeout' is assigned a value but never used             no-unused-vars
  110:17  warning  'cantiPlBeam' is not defined                               no-undef
  119:17  warning  'animateObserve' is not defined                            no-undef
  126:17  warning  'moveArrowDown' is not defined                             no-undef
  127:23  warning  'myTimeout' is assigned a value but never used             no-unused-vars
  132:17  warning  'cantiUdlBeam' is not defined                              no-undef
  137:17  warning  'animateObserve' is not defined                            no-undef

/home/runner/work/exp-rigid-joints-iiith/exp-rigid-joints-iiith/experiment/simulation/old-bkp/vlab2/script.js
   3:30   warning  'i' is already defined                      no-redeclare
   4:55   warning  'ret' is assigned a value but never used    no-unused-vars
  23:39   warning  'i' is already defined                      no-redeclare
  29:328  warning  'jnlp' is defined but never used            no-unused-vars
  29:392  warning  'minimumVersion' is defined but never used  no-unused-vars
  36:241  warning  Empty block statement                       no-empty
  40:75   warning  'i' is already defined                      no-redeclare
  41:27   warning  'i' is already defined                      no-redeclare
  45:128  warning  'ActiveXObject' is not defined              no-undef
  47:16   warning  'ActiveXObject' is not defined              no-undef
  47:199  warning  'oClientCaps' is not defined                no-undef
  49:47   warning  's' is not defined                          no-undef
  49:83   warning  's' is not defined                          no-undef
  51:91   warning  's' is not defined                          no-undef
  51:129  warning  's' is not defined                          no-undef
  51:249  warning  's' is not defined                          no-undef
  57:100  warning  'name' is defined but never used            no-unused-vars
  57:105  warning  'result' is defined but never used          no-unused-vars
  62:9    warning  'i' is already defined                      no-redeclare
  64:508  warning  Unnecessary semicolon                       no-extra-semi
  67:21   warning  'i' is already defined                      no-redeclare
  68:201  warning  Empty block statement                       no-empty
  69:58   warning  Empty block statement                       no-empty
  70:52   warning  Empty block statement                       no-empty

✖ 76 problems (0 errors, 76 warnings)
  0 errors and 1 warning potentially fixable with the `--fix` option.

